[debug] [2020-05-26T02:10:33.240Z] ----------------------------------------------------------------------
[debug] [2020-05-26T02:10:33.243Z] Command:       /usr/bin/node /usr/bin/firebase serve
[debug] [2020-05-26T02:10:33.243Z] CLI Version:   8.4.0
[debug] [2020-05-26T02:10:33.244Z] Platform:      linux
[debug] [2020-05-26T02:10:33.244Z] Node Version:  v14.2.0
[debug] [2020-05-26T02:10:33.325Z] Time:          Mon May 25 2020 22:10:33 GMT-0400 (hora de Venezuela)
[debug] [2020-05-26T02:10:33.325Z] ----------------------------------------------------------------------
[debug] [2020-05-26T02:10:33.325Z] 
[debug] [2020-05-26T02:10:33.421Z] > command requires scopes: ["email","openid","https://www.googleapis.com/auth/cloudplatformprojects.readonly","https://www.googleapis.com/auth/firebase","https://www.googleapis.com/auth/cloud-platform"]
[debug] [2020-05-26T02:10:33.421Z] > authorizing via signed-in user
[debug] [2020-05-26T02:10:33.422Z] [iam] checking project to-do-app-df9e6 for permissions ["firebase.projects.get"]
[debug] [2020-05-26T02:10:33.449Z] > refreshing access token with scopes: ["email","https://www.googleapis.com/auth/cloud-platform","https://www.googleapis.com/auth/cloudplatformprojects.readonly","https://www.googleapis.com/auth/firebase","openid"]
[debug] [2020-05-26T02:10:33.449Z] >>> HTTP REQUEST POST https://www.googleapis.com/oauth2/v3/token  
 <request body omitted>
[debug] [2020-05-26T02:10:36.402Z] <<< HTTP RESPONSE 200 {"content-type":"application/json; charset=utf-8","vary":"X-Origin, Referer, Origin,Accept-Encoding","date":"Tue, 26 May 2020 02:10:27 GMT","server":"scaffolding on HTTPServer2","cache-control":"private","x-xss-protection":"0","x-frame-options":"SAMEORIGIN","x-content-type-options":"nosniff","alt-svc":"h3-27=\":443\"; ma=2592000,h3-25=\":443\"; ma=2592000,h3-T050=\":443\"; ma=2592000,h3-Q050=\":443\"; ma=2592000,h3-Q049=\":443\"; ma=2592000,h3-Q048=\":443\"; ma=2592000,h3-Q046=\":443\"; ma=2592000,h3-Q043=\":443\"; ma=2592000,quic=\":443\"; ma=2592000; v=\"46,43\"","accept-ranges":"none","transfer-encoding":"chunked"}
[debug] [2020-05-26T02:10:36.592Z] >>> HTTP REQUEST POST https://cloudresourcemanager.googleapis.com/v1/projects/to-do-app-df9e6:testIamPermissions  
 {"permissions":["firebase.projects.get"]}
[debug] [2020-05-26T02:10:37.988Z] <<< HTTP RESPONSE 200 {"content-type":"application/json; charset=UTF-8","vary":"X-Origin, Referer, Origin,Accept-Encoding","date":"Tue, 26 May 2020 02:10:29 GMT","server":"ESF","cache-control":"private","x-xss-protection":"0","x-frame-options":"SAMEORIGIN","x-content-type-options":"nosniff","server-timing":"gfet4t7; dur=115","alt-svc":"h3-27=\":443\"; ma=2592000,h3-25=\":443\"; ma=2592000,h3-T050=\":443\"; ma=2592000,h3-Q050=\":443\"; ma=2592000,h3-Q049=\":443\"; ma=2592000,h3-Q048=\":443\"; ma=2592000,h3-Q046=\":443\"; ma=2592000,h3-Q043=\":443\"; ma=2592000,quic=\":443\"; ma=2592000; v=\"46,43\"","accept-ranges":"none","transfer-encoding":"chunked"}
[debug] [2020-05-26T02:10:37.990Z] >>> HTTP REQUEST GET https://firebase.googleapis.com/v1beta1/projects/to-do-app-df9e6  
 
[debug] [2020-05-26T02:10:57.914Z] <<< HTTP RESPONSE 200 {"content-type":"application/json; charset=UTF-8","vary":"X-Origin, Referer, Origin,Accept-Encoding","date":"Tue, 26 May 2020 02:10:49 GMT","server":"ESF","cache-control":"private","x-xss-protection":"0","x-frame-options":"SAMEORIGIN","x-content-type-options":"nosniff","alt-svc":"h3-27=\":443\"; ma=2592000,h3-25=\":443\"; ma=2592000,h3-T050=\":443\"; ma=2592000,h3-Q050=\":443\"; ma=2592000,h3-Q049=\":443\"; ma=2592000,h3-Q048=\":443\"; ma=2592000,h3-Q046=\":443\"; ma=2592000,h3-Q043=\":443\"; ma=2592000,quic=\":443\"; ma=2592000; v=\"46,43\"","accept-ranges":"none","transfer-encoding":"chunked"}
[info] 
[info] === Serving from '/home/stephano/Documentos/Programming/React/to_do_app'...
[info] 
[warn] ⚠  Your requested "node" version "8" doesn't match your global version "14" {"metadata":{"emulator":{"name":"functions"},"message":"Your requested \"node\" version \"8\" doesn't match your global version \"14\""}}
[info] i  functions: Watching "/home/stephano/Documentos/Programming/React/to_do_app/functions" for Cloud Functions... {"metadata":{"emulator":{"name":"functions"},"message":"Watching \"/home/stephano/Documentos/Programming/React/to_do_app/functions\" for Cloud Functions..."}}
[debug] [2020-05-26T02:10:58.204Z] [worker-pool] addWorker(~diagnostic~) {"metadata":{"emulator":{"name":"functions"},"message":"[worker-pool] addWorker(~diagnostic~)"}}
[debug] [2020-05-26T02:10:58.205Z] [worker-pool] Adding worker with key ~diagnostic~, total=1 {"metadata":{"emulator":{"name":"functions"},"message":"[worker-pool] Adding worker with key ~diagnostic~, total=1"}}
[debug] [2020-05-26T02:10:58.206Z] [worker-pool] submitWork(triggerId=) {"metadata":{"emulator":{"name":"functions"},"message":"[worker-pool] submitWork(triggerId=)"}}
[debug] [2020-05-26T02:10:58.207Z] [worker-~diagnostic~-55cf9c5a-2fe1-4fa9-8f83-93d5de172088]: Assigning socketPath: /tmp/fire_emu_14692.sock {"metadata":{"emulator":{"name":"functions"},"message":"[worker-~diagnostic~-55cf9c5a-2fe1-4fa9-8f83-93d5de172088]: Assigning socketPath: /tmp/fire_emu_14692.sock"}}
[debug] [2020-05-26T02:10:58.207Z] [worker-~diagnostic~-55cf9c5a-2fe1-4fa9-8f83-93d5de172088]: BUSY {"metadata":{"emulator":{"name":"functions"},"message":"[worker-~diagnostic~-55cf9c5a-2fe1-4fa9-8f83-93d5de172088]: BUSY"}}
[debug] [2020-05-26T02:11:00.074Z] [runtime-status] [14692] Functions runtime initialized. {"cwd":"/home/stephano/Documentos/Programming/React/to_do_app/functions","node_version":"14.2.0"} {"metadata":{"emulator":{"name":"functions"},"message":"[runtime-status] [14692] Functions runtime initialized. {\"cwd\":\"/home/stephano/Documentos/Programming/React/to_do_app/functions\",\"node_version\":\"14.2.0\"}"}}
[debug] [2020-05-26T02:11:00.076Z] [runtime-status] [14692] Disabled runtime features: undefined {"metadata":{"emulator":{"name":"functions"},"message":"[runtime-status] [14692] Disabled runtime features: undefined"}}
[debug] [2020-05-26T02:11:00.146Z] [runtime-status] [14692] Resolved module firebase-admin {"declared":true,"installed":true,"version":"8.12.1","resolution":"/home/stephano/Documentos/Programming/React/to_do_app/functions/node_modules/firebase-admin/lib/index.js"} {"metadata":{"emulator":{"name":"functions"},"message":"[runtime-status] [14692] Resolved module firebase-admin {\"declared\":true,\"installed\":true,\"version\":\"8.12.1\",\"resolution\":\"/home/stephano/Documentos/Programming/React/to_do_app/functions/node_modules/firebase-admin/lib/index.js\"}"}}
[debug] [2020-05-26T02:11:00.203Z] [runtime-status] [14692] Resolved module firebase-functions {"declared":true,"installed":true,"version":"3.6.1","resolution":"/home/stephano/Documentos/Programming/React/to_do_app/functions/node_modules/firebase-functions/lib/index.js"} {"metadata":{"emulator":{"name":"functions"},"message":"[runtime-status] [14692] Resolved module firebase-functions {\"declared\":true,\"installed\":true,\"version\":\"3.6.1\",\"resolution\":\"/home/stephano/Documentos/Programming/React/to_do_app/functions/node_modules/firebase-functions/lib/index.js\"}"}}
[warn] ⚠  functions: Your GOOGLE_APPLICATION_CREDENTIALS environment variable points to /home/stephano/Documentos/Programming/React/to_do_app/to-do-app-df9e6-firebase-adminsdk-gfqi3-b1d7cc9881.json. Non-emulated services will access production using these credentials. Be careful! {"metadata":{"emulator":{"name":"functions"},"message":"Your GOOGLE_APPLICATION_CREDENTIALS environment variable points to /home/stephano/Documentos/Programming/React/to_do_app/to-do-app-df9e6-firebase-adminsdk-gfqi3-b1d7cc9881.json. Non-emulated services will access production using these credentials. Be careful!"}}
[debug] [2020-05-26T02:11:00.242Z] [runtime-status] [14692] Outgoing network have been stubbed. [{"name":"http","status":"mocked"},{"name":"http","status":"mocked"},{"name":"https","status":"mocked"},{"name":"https","status":"mocked"},{"name":"net","status":"mocked"}] {"metadata":{"emulator":{"name":"functions"},"message":"[runtime-status] [14692] Outgoing network have been stubbed. [{\"name\":\"http\",\"status\":\"mocked\"},{\"name\":\"http\",\"status\":\"mocked\"},{\"name\":\"https\",\"status\":\"mocked\"},{\"name\":\"https\",\"status\":\"mocked\"},{\"name\":\"net\",\"status\":\"mocked\"}]"}}
[debug] [2020-05-26T02:11:01.565Z] [runtime-status] [14692] Checked functions.config() {"config":{}} {"metadata":{"emulator":{"name":"functions"},"message":"[runtime-status] [14692] Checked functions.config() {\"config\":{}}"}}
[debug] [2020-05-26T02:11:01.567Z] [runtime-status] [14692] Resolved module firebase-functions {"declared":true,"installed":true,"version":"3.6.1","resolution":"/home/stephano/Documentos/Programming/React/to_do_app/functions/node_modules/firebase-functions/lib/index.js"} {"metadata":{"emulator":{"name":"functions"},"message":"[runtime-status] [14692] Resolved module firebase-functions {\"declared\":true,\"installed\":true,\"version\":\"3.6.1\",\"resolution\":\"/home/stephano/Documentos/Programming/React/to_do_app/functions/node_modules/firebase-functions/lib/index.js\"}"}}
[debug] [2020-05-26T02:11:01.569Z] [runtime-status] [14692] Resolved module firebase-admin {"declared":true,"installed":true,"version":"8.12.1","resolution":"/home/stephano/Documentos/Programming/React/to_do_app/functions/node_modules/firebase-admin/lib/index.js"} {"metadata":{"emulator":{"name":"functions"},"message":"[runtime-status] [14692] Resolved module firebase-admin {\"declared\":true,\"installed\":true,\"version\":\"8.12.1\",\"resolution\":\"/home/stephano/Documentos/Programming/React/to_do_app/functions/node_modules/firebase-admin/lib/index.js\"}"}}
[debug] [2020-05-26T02:11:01.573Z] [runtime-status] [14692] Resolved module firebase-functions {"declared":true,"installed":true,"version":"3.6.1","resolution":"/home/stephano/Documentos/Programming/React/to_do_app/functions/node_modules/firebase-functions/lib/index.js"} {"metadata":{"emulator":{"name":"functions"},"message":"[runtime-status] [14692] Resolved module firebase-functions {\"declared\":true,\"installed\":true,\"version\":\"3.6.1\",\"resolution\":\"/home/stephano/Documentos/Programming/React/to_do_app/functions/node_modules/firebase-functions/lib/index.js\"}"}}
[debug] [2020-05-26T02:11:01.573Z] [runtime-status] [14692] firebase-admin has been stubbed. {"adminResolution":{"declared":true,"installed":true,"version":"8.12.1","resolution":"/home/stephano/Documentos/Programming/React/to_do_app/functions/node_modules/firebase-admin/lib/index.js"}} {"metadata":{"emulator":{"name":"functions"},"message":"[runtime-status] [14692] firebase-admin has been stubbed. {\"adminResolution\":{\"declared\":true,\"installed\":true,\"version\":\"8.12.1\",\"resolution\":\"/home/stephano/Documentos/Programming/React/to_do_app/functions/node_modules/firebase-admin/lib/index.js\"}}"}}
[debug] [2020-05-26T02:11:04.417Z] [runtime-status] [14692] initializeApp(DEFAULT) {"databaseURL":"https://to-do-app-df9e6.firebaseio.com","storageBucket":"to-do-app-df9e6.appspot.com","projectId":"to-do-app-df9e6"} {"metadata":{"emulator":{"name":"functions"},"message":"[runtime-status] [14692] initializeApp(DEFAULT) {\"databaseURL\":\"https://to-do-app-df9e6.firebaseio.com\",\"storageBucket\":\"to-do-app-df9e6.appspot.com\",\"projectId\":\"to-do-app-df9e6\"}"}}
[warn] ⚠  functions: The Cloud Firestore emulator is not running, so calls to Firestore will affect production. {"metadata":{"emulator":{"name":"functions"},"message":"The Cloud Firestore emulator is not running, so calls to Firestore will affect production."}}
[warn] ⚠  Error: Route.post() requires a callback function but got a [object Undefined]
    at Route.<computed> [as post] (/home/stephano/Documentos/Programming/React/to_do_app/functions/node_modules/express/lib/router/route.js:202:15)
    at Function.app.<computed> [as post] (/home/stephano/Documentos/Programming/React/to_do_app/functions/node_modules/express/lib/application.js:482:19)
    at Object.<anonymous> (/home/stephano/Documentos/Programming/React/to_do_app/functions/index.js:24:5)
    at Module._compile (internal/modules/cjs/loader.js:1176:30)
    at Object.Module._extensions..js (internal/modules/cjs/loader.js:1196:10)
    at Module.load (internal/modules/cjs/loader.js:1040:32)
    at Function.Module._load (internal/modules/cjs/loader.js:929:14)
    at Module.require (internal/modules/cjs/loader.js:1080:19)
    at require (internal/modules/cjs/helpers.js:72:18)
    at /usr/lib/node_modules/firebase-tools/lib/emulator/functionsEmulatorRuntime.js:661:33 {"metadata":{"emulator":{"name":"functions"},"message":"Error: Route.post() requires a callback function but got a [object Undefined]\n    at Route.<computed> [as post] (/home/stephano/Documentos/Programming/React/to_do_app/functions/node_modules/express/lib/router/route.js:202:15)\n    at Function.app.<computed> [as post] (/home/stephano/Documentos/Programming/React/to_do_app/functions/node_modules/express/lib/application.js:482:19)\n    at Object.<anonymous> (/home/stephano/Documentos/Programming/React/to_do_app/functions/index.js:24:5)\n    at Module._compile (internal/modules/cjs/loader.js:1176:30)\n    at Object.Module._extensions..js (internal/modules/cjs/loader.js:1196:10)\n    at Module.load (internal/modules/cjs/loader.js:1040:32)\n    at Function.Module._load (internal/modules/cjs/loader.js:929:14)\n    at Module.require (internal/modules/cjs/loader.js:1080:19)\n    at require (internal/modules/cjs/helpers.js:72:18)\n    at /usr/lib/node_modules/firebase-tools/lib/emulator/functionsEmulatorRuntime.js:661:33"}}
[warn] ⚠  We were unable to load your functions code. (see above) {"metadata":{"emulator":{"name":"functions"}}}
[debug] [2020-05-26T02:11:12.019Z] [worker-~diagnostic~-55cf9c5a-2fe1-4fa9-8f83-93d5de172088]: exited {"metadata":{"emulator":{"name":"functions"},"message":"[worker-~diagnostic~-55cf9c5a-2fe1-4fa9-8f83-93d5de172088]: exited"}}
[debug] [2020-05-26T02:11:12.019Z] [worker-~diagnostic~-55cf9c5a-2fe1-4fa9-8f83-93d5de172088]: FINISHED {"metadata":{"emulator":{"name":"functions"},"message":"[worker-~diagnostic~-55cf9c5a-2fe1-4fa9-8f83-93d5de172088]: FINISHED"}}
[debug] [2020-05-26T02:11:44.082Z] ----------------------------------------------------------------------
[debug] [2020-05-26T02:11:44.088Z] Command:       /usr/bin/node /usr/bin/firebase serve
[debug] [2020-05-26T02:11:44.088Z] CLI Version:   8.4.0
[debug] [2020-05-26T02:11:44.088Z] Platform:      linux
[debug] [2020-05-26T02:11:44.088Z] Node Version:  v14.2.0
[debug] [2020-05-26T02:11:44.089Z] Time:          Mon May 25 2020 22:11:44 GMT-0400 (hora de Venezuela)
[debug] [2020-05-26T02:11:44.089Z] ----------------------------------------------------------------------
[debug] [2020-05-26T02:11:44.089Z] 
[debug] [2020-05-26T02:11:44.101Z] > command requires scopes: ["email","openid","https://www.googleapis.com/auth/cloudplatformprojects.readonly","https://www.googleapis.com/auth/firebase","https://www.googleapis.com/auth/cloud-platform"]
[debug] [2020-05-26T02:11:44.102Z] > authorizing via signed-in user
[debug] [2020-05-26T02:11:44.103Z] [iam] checking project to-do-app-df9e6 for permissions ["firebase.projects.get"]
[debug] [2020-05-26T02:11:44.109Z] >>> HTTP REQUEST POST https://cloudresourcemanager.googleapis.com/v1/projects/to-do-app-df9e6:testIamPermissions  
 {"permissions":["firebase.projects.get"]}
[debug] [2020-05-26T02:11:44.791Z] <<< HTTP RESPONSE 200 {"content-type":"application/json; charset=UTF-8","vary":"X-Origin, Referer, Origin,Accept-Encoding","date":"Tue, 26 May 2020 02:11:36 GMT","server":"ESF","cache-control":"private","x-xss-protection":"0","x-frame-options":"SAMEORIGIN","x-content-type-options":"nosniff","server-timing":"gfet4t7; dur=110","alt-svc":"h3-27=\":443\"; ma=2592000,h3-25=\":443\"; ma=2592000,h3-T050=\":443\"; ma=2592000,h3-Q050=\":443\"; ma=2592000,h3-Q049=\":443\"; ma=2592000,h3-Q048=\":443\"; ma=2592000,h3-Q046=\":443\"; ma=2592000,h3-Q043=\":443\"; ma=2592000,quic=\":443\"; ma=2592000; v=\"46,43\"","accept-ranges":"none","transfer-encoding":"chunked"}
[debug] [2020-05-26T02:11:44.796Z] >>> HTTP REQUEST GET https://firebase.googleapis.com/v1beta1/projects/to-do-app-df9e6  
 
[debug] [2020-05-26T02:11:55.781Z] <<< HTTP RESPONSE 200 {"content-type":"application/json; charset=UTF-8","vary":"X-Origin, Referer, Origin,Accept-Encoding","date":"Tue, 26 May 2020 02:11:47 GMT","server":"ESF","cache-control":"private","x-xss-protection":"0","x-frame-options":"SAMEORIGIN","x-content-type-options":"nosniff","alt-svc":"h3-27=\":443\"; ma=2592000,h3-25=\":443\"; ma=2592000,h3-T050=\":443\"; ma=2592000,h3-Q050=\":443\"; ma=2592000,h3-Q049=\":443\"; ma=2592000,h3-Q048=\":443\"; ma=2592000,h3-Q046=\":443\"; ma=2592000,h3-Q043=\":443\"; ma=2592000,quic=\":443\"; ma=2592000; v=\"46,43\"","accept-ranges":"none","transfer-encoding":"chunked"}
[info] 
[info] === Serving from '/home/stephano/Documentos/Programming/React/to_do_app'...
[info] 
[warn] ⚠  Your requested "node" version "8" doesn't match your global version "14" {"metadata":{"emulator":{"name":"functions"},"message":"Your requested \"node\" version \"8\" doesn't match your global version \"14\""}}
[info] i  functions: Watching "/home/stephano/Documentos/Programming/React/to_do_app/functions" for Cloud Functions... {"metadata":{"emulator":{"name":"functions"},"message":"Watching \"/home/stephano/Documentos/Programming/React/to_do_app/functions\" for Cloud Functions..."}}
[debug] [2020-05-26T02:11:55.878Z] [worker-pool] addWorker(~diagnostic~) {"metadata":{"emulator":{"name":"functions"},"message":"[worker-pool] addWorker(~diagnostic~)"}}
[debug] [2020-05-26T02:11:55.879Z] [worker-pool] Adding worker with key ~diagnostic~, total=1 {"metadata":{"emulator":{"name":"functions"},"message":"[worker-pool] Adding worker with key ~diagnostic~, total=1"}}
[debug] [2020-05-26T02:11:55.880Z] [worker-pool] submitWork(triggerId=) {"metadata":{"emulator":{"name":"functions"},"message":"[worker-pool] submitWork(triggerId=)"}}
[debug] [2020-05-26T02:11:55.881Z] [worker-~diagnostic~-3611247a-3ae3-45f3-aeef-6bdd0edbbfd6]: Assigning socketPath: /tmp/fire_emu_14742.sock {"metadata":{"emulator":{"name":"functions"},"message":"[worker-~diagnostic~-3611247a-3ae3-45f3-aeef-6bdd0edbbfd6]: Assigning socketPath: /tmp/fire_emu_14742.sock"}}
[debug] [2020-05-26T02:11:55.882Z] [worker-~diagnostic~-3611247a-3ae3-45f3-aeef-6bdd0edbbfd6]: BUSY {"metadata":{"emulator":{"name":"functions"},"message":"[worker-~diagnostic~-3611247a-3ae3-45f3-aeef-6bdd0edbbfd6]: BUSY"}}
[debug] [2020-05-26T02:11:56.661Z] [runtime-status] [14742] Functions runtime initialized. {"cwd":"/home/stephano/Documentos/Programming/React/to_do_app/functions","node_version":"14.2.0"} {"metadata":{"emulator":{"name":"functions"},"message":"[runtime-status] [14742] Functions runtime initialized. {\"cwd\":\"/home/stephano/Documentos/Programming/React/to_do_app/functions\",\"node_version\":\"14.2.0\"}"}}
[debug] [2020-05-26T02:11:56.664Z] [runtime-status] [14742] Disabled runtime features: undefined {"metadata":{"emulator":{"name":"functions"},"message":"[runtime-status] [14742] Disabled runtime features: undefined"}}
[debug] [2020-05-26T02:11:56.670Z] [runtime-status] [14742] Resolved module firebase-admin {"declared":true,"installed":true,"version":"8.12.1","resolution":"/home/stephano/Documentos/Programming/React/to_do_app/functions/node_modules/firebase-admin/lib/index.js"} {"metadata":{"emulator":{"name":"functions"},"message":"[runtime-status] [14742] Resolved module firebase-admin {\"declared\":true,\"installed\":true,\"version\":\"8.12.1\",\"resolution\":\"/home/stephano/Documentos/Programming/React/to_do_app/functions/node_modules/firebase-admin/lib/index.js\"}"}}
[debug] [2020-05-26T02:11:56.675Z] [runtime-status] [14742] Resolved module firebase-functions {"declared":true,"installed":true,"version":"3.6.1","resolution":"/home/stephano/Documentos/Programming/React/to_do_app/functions/node_modules/firebase-functions/lib/index.js"} {"metadata":{"emulator":{"name":"functions"},"message":"[runtime-status] [14742] Resolved module firebase-functions {\"declared\":true,\"installed\":true,\"version\":\"3.6.1\",\"resolution\":\"/home/stephano/Documentos/Programming/React/to_do_app/functions/node_modules/firebase-functions/lib/index.js\"}"}}
[warn] ⚠  functions: Your GOOGLE_APPLICATION_CREDENTIALS environment variable points to /home/stephano/Documentos/Programming/React/to_do_app/to-do-app-df9e6-firebase-adminsdk-gfqi3-b1d7cc9881.json. Non-emulated services will access production using these credentials. Be careful! {"metadata":{"emulator":{"name":"functions"},"message":"Your GOOGLE_APPLICATION_CREDENTIALS environment variable points to /home/stephano/Documentos/Programming/React/to_do_app/to-do-app-df9e6-firebase-adminsdk-gfqi3-b1d7cc9881.json. Non-emulated services will access production using these credentials. Be careful!"}}
[debug] [2020-05-26T02:11:56.679Z] [runtime-status] [14742] Outgoing network have been stubbed. [{"name":"http","status":"mocked"},{"name":"http","status":"mocked"},{"name":"https","status":"mocked"},{"name":"https","status":"mocked"},{"name":"net","status":"mocked"}] {"metadata":{"emulator":{"name":"functions"},"message":"[runtime-status] [14742] Outgoing network have been stubbed. [{\"name\":\"http\",\"status\":\"mocked\"},{\"name\":\"http\",\"status\":\"mocked\"},{\"name\":\"https\",\"status\":\"mocked\"},{\"name\":\"https\",\"status\":\"mocked\"},{\"name\":\"net\",\"status\":\"mocked\"}]"}}
[debug] [2020-05-26T02:11:56.777Z] [runtime-status] [14742] Checked functions.config() {"config":{}} {"metadata":{"emulator":{"name":"functions"},"message":"[runtime-status] [14742] Checked functions.config() {\"config\":{}}"}}
[debug] [2020-05-26T02:11:56.779Z] [runtime-status] [14742] Resolved module firebase-functions {"declared":true,"installed":true,"version":"3.6.1","resolution":"/home/stephano/Documentos/Programming/React/to_do_app/functions/node_modules/firebase-functions/lib/index.js"} {"metadata":{"emulator":{"name":"functions"},"message":"[runtime-status] [14742] Resolved module firebase-functions {\"declared\":true,\"installed\":true,\"version\":\"3.6.1\",\"resolution\":\"/home/stephano/Documentos/Programming/React/to_do_app/functions/node_modules/firebase-functions/lib/index.js\"}"}}
[debug] [2020-05-26T02:11:56.781Z] [runtime-status] [14742] Resolved module firebase-admin {"declared":true,"installed":true,"version":"8.12.1","resolution":"/home/stephano/Documentos/Programming/React/to_do_app/functions/node_modules/firebase-admin/lib/index.js"} {"metadata":{"emulator":{"name":"functions"},"message":"[runtime-status] [14742] Resolved module firebase-admin {\"declared\":true,\"installed\":true,\"version\":\"8.12.1\",\"resolution\":\"/home/stephano/Documentos/Programming/React/to_do_app/functions/node_modules/firebase-admin/lib/index.js\"}"}}
[debug] [2020-05-26T02:11:56.785Z] [runtime-status] [14742] Resolved module firebase-functions {"declared":true,"installed":true,"version":"3.6.1","resolution":"/home/stephano/Documentos/Programming/React/to_do_app/functions/node_modules/firebase-functions/lib/index.js"} {"metadata":{"emulator":{"name":"functions"},"message":"[runtime-status] [14742] Resolved module firebase-functions {\"declared\":true,\"installed\":true,\"version\":\"3.6.1\",\"resolution\":\"/home/stephano/Documentos/Programming/React/to_do_app/functions/node_modules/firebase-functions/lib/index.js\"}"}}
[debug] [2020-05-26T02:11:56.786Z] [runtime-status] [14742] firebase-admin has been stubbed. {"adminResolution":{"declared":true,"installed":true,"version":"8.12.1","resolution":"/home/stephano/Documentos/Programming/React/to_do_app/functions/node_modules/firebase-admin/lib/index.js"}} {"metadata":{"emulator":{"name":"functions"},"message":"[runtime-status] [14742] firebase-admin has been stubbed. {\"adminResolution\":{\"declared\":true,\"installed\":true,\"version\":\"8.12.1\",\"resolution\":\"/home/stephano/Documentos/Programming/React/to_do_app/functions/node_modules/firebase-admin/lib/index.js\"}}"}}
[debug] [2020-05-26T02:11:56.972Z] [runtime-status] [14742] initializeApp(DEFAULT) {"databaseURL":"https://to-do-app-df9e6.firebaseio.com","storageBucket":"to-do-app-df9e6.appspot.com","projectId":"to-do-app-df9e6"} {"metadata":{"emulator":{"name":"functions"},"message":"[runtime-status] [14742] initializeApp(DEFAULT) {\"databaseURL\":\"https://to-do-app-df9e6.firebaseio.com\",\"storageBucket\":\"to-do-app-df9e6.appspot.com\",\"projectId\":\"to-do-app-df9e6\"}"}}
[warn] ⚠  functions: The Cloud Firestore emulator is not running, so calls to Firestore will affect production. {"metadata":{"emulator":{"name":"functions"},"message":"The Cloud Firestore emulator is not running, so calls to Firestore will affect production."}}
[warn] ⚠  Error: Route.post() requires a callback function but got a [object Undefined]
    at Route.<computed> [as post] (/home/stephano/Documentos/Programming/React/to_do_app/functions/node_modules/express/lib/router/route.js:202:15)
    at Function.app.<computed> [as post] (/home/stephano/Documentos/Programming/React/to_do_app/functions/node_modules/express/lib/application.js:482:19)
    at Object.<anonymous> (/home/stephano/Documentos/Programming/React/to_do_app/functions/index.js:24:5)
    at Module._compile (internal/modules/cjs/loader.js:1176:30)
    at Object.Module._extensions..js (internal/modules/cjs/loader.js:1196:10)
    at Module.load (internal/modules/cjs/loader.js:1040:32)
    at Function.Module._load (internal/modules/cjs/loader.js:929:14)
    at Module.require (internal/modules/cjs/loader.js:1080:19)
    at require (internal/modules/cjs/helpers.js:72:18)
    at /usr/lib/node_modules/firebase-tools/lib/emulator/functionsEmulatorRuntime.js:661:33 {"metadata":{"emulator":{"name":"functions"},"message":"Error: Route.post() requires a callback function but got a [object Undefined]\n    at Route.<computed> [as post] (/home/stephano/Documentos/Programming/React/to_do_app/functions/node_modules/express/lib/router/route.js:202:15)\n    at Function.app.<computed> [as post] (/home/stephano/Documentos/Programming/React/to_do_app/functions/node_modules/express/lib/application.js:482:19)\n    at Object.<anonymous> (/home/stephano/Documentos/Programming/React/to_do_app/functions/index.js:24:5)\n    at Module._compile (internal/modules/cjs/loader.js:1176:30)\n    at Object.Module._extensions..js (internal/modules/cjs/loader.js:1196:10)\n    at Module.load (internal/modules/cjs/loader.js:1040:32)\n    at Function.Module._load (internal/modules/cjs/loader.js:929:14)\n    at Module.require (internal/modules/cjs/loader.js:1080:19)\n    at require (internal/modules/cjs/helpers.js:72:18)\n    at /usr/lib/node_modules/firebase-tools/lib/emulator/functionsEmulatorRuntime.js:661:33"}}
[warn] ⚠  We were unable to load your functions code. (see above) {"metadata":{"emulator":{"name":"functions"}}}
[debug] [2020-05-26T02:11:57.764Z] [worker-~diagnostic~-3611247a-3ae3-45f3-aeef-6bdd0edbbfd6]: exited {"metadata":{"emulator":{"name":"functions"},"message":"[worker-~diagnostic~-3611247a-3ae3-45f3-aeef-6bdd0edbbfd6]: exited"}}
[debug] [2020-05-26T02:11:57.766Z] [worker-~diagnostic~-3611247a-3ae3-45f3-aeef-6bdd0edbbfd6]: FINISHED {"metadata":{"emulator":{"name":"functions"},"message":"[worker-~diagnostic~-3611247a-3ae3-45f3-aeef-6bdd0edbbfd6]: FINISHED"}}
[debug] [2020-05-26T02:18:14.087Z] ----------------------------------------------------------------------
[debug] [2020-05-26T02:18:14.090Z] Command:       /usr/bin/node /usr/bin/firebase serve
[debug] [2020-05-26T02:18:14.091Z] CLI Version:   8.4.0
[debug] [2020-05-26T02:18:14.091Z] Platform:      linux
[debug] [2020-05-26T02:18:14.091Z] Node Version:  v14.2.0
[debug] [2020-05-26T02:18:14.127Z] Time:          Mon May 25 2020 22:18:14 GMT-0400 (hora de Venezuela)
[debug] [2020-05-26T02:18:14.127Z] ----------------------------------------------------------------------
[debug] [2020-05-26T02:18:14.128Z] 
[debug] [2020-05-26T02:18:14.201Z] > command requires scopes: ["email","openid","https://www.googleapis.com/auth/cloudplatformprojects.readonly","https://www.googleapis.com/auth/firebase","https://www.googleapis.com/auth/cloud-platform"]
[debug] [2020-05-26T02:18:14.202Z] > authorizing via signed-in user
[debug] [2020-05-26T02:18:14.203Z] [iam] checking project to-do-app-df9e6 for permissions ["firebase.projects.get"]
[debug] [2020-05-26T02:18:14.209Z] >>> HTTP REQUEST POST https://cloudresourcemanager.googleapis.com/v1/projects/to-do-app-df9e6:testIamPermissions  
 {"permissions":["firebase.projects.get"]}
[debug] [2020-05-26T02:18:20.311Z] <<< HTTP RESPONSE 200 {"content-type":"application/json; charset=UTF-8","vary":"X-Origin, Referer, Origin,Accept-Encoding","date":"Tue, 26 May 2020 02:18:12 GMT","server":"ESF","cache-control":"private","x-xss-protection":"0","x-frame-options":"SAMEORIGIN","x-content-type-options":"nosniff","server-timing":"gfet4t7; dur=130","alt-svc":"h3-27=\":443\"; ma=2592000,h3-25=\":443\"; ma=2592000,h3-T050=\":443\"; ma=2592000,h3-Q050=\":443\"; ma=2592000,h3-Q049=\":443\"; ma=2592000,h3-Q048=\":443\"; ma=2592000,h3-Q046=\":443\"; ma=2592000,h3-Q043=\":443\"; ma=2592000,quic=\":443\"; ma=2592000; v=\"46,43\"","accept-ranges":"none","transfer-encoding":"chunked"}
[debug] [2020-05-26T02:18:20.314Z] >>> HTTP REQUEST GET https://firebase.googleapis.com/v1beta1/projects/to-do-app-df9e6  
 
[debug] [2020-05-26T02:18:21.024Z] <<< HTTP RESPONSE 200 {"content-type":"application/json; charset=UTF-8","vary":"X-Origin, Referer, Origin,Accept-Encoding","date":"Tue, 26 May 2020 02:18:13 GMT","server":"ESF","cache-control":"private","x-xss-protection":"0","x-frame-options":"SAMEORIGIN","x-content-type-options":"nosniff","alt-svc":"h3-27=\":443\"; ma=2592000,h3-25=\":443\"; ma=2592000,h3-T050=\":443\"; ma=2592000,h3-Q050=\":443\"; ma=2592000,h3-Q049=\":443\"; ma=2592000,h3-Q048=\":443\"; ma=2592000,h3-Q046=\":443\"; ma=2592000,h3-Q043=\":443\"; ma=2592000,quic=\":443\"; ma=2592000; v=\"46,43\"","accept-ranges":"none","transfer-encoding":"chunked"}
[info] 
[info] === Serving from '/home/stephano/Documentos/Programming/React/to_do_app'...
[info] 
[warn] ⚠  Your requested "node" version "8" doesn't match your global version "14" {"metadata":{"emulator":{"name":"functions"},"message":"Your requested \"node\" version \"8\" doesn't match your global version \"14\""}}
[info] i  functions: Watching "/home/stephano/Documentos/Programming/React/to_do_app/functions" for Cloud Functions... {"metadata":{"emulator":{"name":"functions"},"message":"Watching \"/home/stephano/Documentos/Programming/React/to_do_app/functions\" for Cloud Functions..."}}
[debug] [2020-05-26T02:18:21.280Z] [worker-pool] addWorker(~diagnostic~) {"metadata":{"emulator":{"name":"functions"},"message":"[worker-pool] addWorker(~diagnostic~)"}}
[debug] [2020-05-26T02:18:21.283Z] [worker-pool] Adding worker with key ~diagnostic~, total=1 {"metadata":{"emulator":{"name":"functions"},"message":"[worker-pool] Adding worker with key ~diagnostic~, total=1"}}
[debug] [2020-05-26T02:18:21.284Z] [worker-pool] submitWork(triggerId=) {"metadata":{"emulator":{"name":"functions"},"message":"[worker-pool] submitWork(triggerId=)"}}
[debug] [2020-05-26T02:18:21.285Z] [worker-~diagnostic~-4738119b-410e-4a44-a440-80357859238f]: Assigning socketPath: /tmp/fire_emu_15206.sock {"metadata":{"emulator":{"name":"functions"},"message":"[worker-~diagnostic~-4738119b-410e-4a44-a440-80357859238f]: Assigning socketPath: /tmp/fire_emu_15206.sock"}}
[debug] [2020-05-26T02:18:21.291Z] [worker-~diagnostic~-4738119b-410e-4a44-a440-80357859238f]: BUSY {"metadata":{"emulator":{"name":"functions"},"message":"[worker-~diagnostic~-4738119b-410e-4a44-a440-80357859238f]: BUSY"}}
[debug] [2020-05-26T02:18:22.089Z] [runtime-status] [15206] Functions runtime initialized. {"cwd":"/home/stephano/Documentos/Programming/React/to_do_app/functions","node_version":"14.2.0"} {"metadata":{"emulator":{"name":"functions"},"message":"[runtime-status] [15206] Functions runtime initialized. {\"cwd\":\"/home/stephano/Documentos/Programming/React/to_do_app/functions\",\"node_version\":\"14.2.0\"}"}}
[debug] [2020-05-26T02:18:22.094Z] [runtime-status] [15206] Disabled runtime features: undefined {"metadata":{"emulator":{"name":"functions"},"message":"[runtime-status] [15206] Disabled runtime features: undefined"}}
[debug] [2020-05-26T02:18:22.495Z] [runtime-status] [15206] Resolved module firebase-admin {"declared":true,"installed":true,"version":"8.12.1","resolution":"/home/stephano/Documentos/Programming/React/to_do_app/functions/node_modules/firebase-admin/lib/index.js"} {"metadata":{"emulator":{"name":"functions"},"message":"[runtime-status] [15206] Resolved module firebase-admin {\"declared\":true,\"installed\":true,\"version\":\"8.12.1\",\"resolution\":\"/home/stephano/Documentos/Programming/React/to_do_app/functions/node_modules/firebase-admin/lib/index.js\"}"}}
[debug] [2020-05-26T02:18:22.562Z] [runtime-status] [15206] Resolved module firebase-functions {"declared":true,"installed":true,"version":"3.6.1","resolution":"/home/stephano/Documentos/Programming/React/to_do_app/functions/node_modules/firebase-functions/lib/index.js"} {"metadata":{"emulator":{"name":"functions"},"message":"[runtime-status] [15206] Resolved module firebase-functions {\"declared\":true,\"installed\":true,\"version\":\"3.6.1\",\"resolution\":\"/home/stephano/Documentos/Programming/React/to_do_app/functions/node_modules/firebase-functions/lib/index.js\"}"}}
[warn] ⚠  functions: Your GOOGLE_APPLICATION_CREDENTIALS environment variable points to /home/stephano/Documentos/Programming/React/to_do_app/to-do-app-df9e6-firebase-adminsdk-gfqi3-b1d7cc9881.json. Non-emulated services will access production using these credentials. Be careful! {"metadata":{"emulator":{"name":"functions"},"message":"Your GOOGLE_APPLICATION_CREDENTIALS environment variable points to /home/stephano/Documentos/Programming/React/to_do_app/to-do-app-df9e6-firebase-adminsdk-gfqi3-b1d7cc9881.json. Non-emulated services will access production using these credentials. Be careful!"}}
[debug] [2020-05-26T02:18:22.781Z] [runtime-status] [15206] Outgoing network have been stubbed. [{"name":"http","status":"mocked"},{"name":"http","status":"mocked"},{"name":"https","status":"mocked"},{"name":"https","status":"mocked"},{"name":"net","status":"mocked"}] {"metadata":{"emulator":{"name":"functions"},"message":"[runtime-status] [15206] Outgoing network have been stubbed. [{\"name\":\"http\",\"status\":\"mocked\"},{\"name\":\"http\",\"status\":\"mocked\"},{\"name\":\"https\",\"status\":\"mocked\"},{\"name\":\"https\",\"status\":\"mocked\"},{\"name\":\"net\",\"status\":\"mocked\"}]"}}
[debug] [2020-05-26T02:18:24.569Z] [runtime-status] [15206] Checked functions.config() {"config":{}} {"metadata":{"emulator":{"name":"functions"},"message":"[runtime-status] [15206] Checked functions.config() {\"config\":{}}"}}
[debug] [2020-05-26T02:18:24.570Z] [runtime-status] [15206] Resolved module firebase-functions {"declared":true,"installed":true,"version":"3.6.1","resolution":"/home/stephano/Documentos/Programming/React/to_do_app/functions/node_modules/firebase-functions/lib/index.js"} {"metadata":{"emulator":{"name":"functions"},"message":"[runtime-status] [15206] Resolved module firebase-functions {\"declared\":true,\"installed\":true,\"version\":\"3.6.1\",\"resolution\":\"/home/stephano/Documentos/Programming/React/to_do_app/functions/node_modules/firebase-functions/lib/index.js\"}"}}
[debug] [2020-05-26T02:18:24.572Z] [runtime-status] [15206] Resolved module firebase-admin {"declared":true,"installed":true,"version":"8.12.1","resolution":"/home/stephano/Documentos/Programming/React/to_do_app/functions/node_modules/firebase-admin/lib/index.js"} {"metadata":{"emulator":{"name":"functions"},"message":"[runtime-status] [15206] Resolved module firebase-admin {\"declared\":true,\"installed\":true,\"version\":\"8.12.1\",\"resolution\":\"/home/stephano/Documentos/Programming/React/to_do_app/functions/node_modules/firebase-admin/lib/index.js\"}"}}
[debug] [2020-05-26T02:18:24.573Z] [runtime-status] [15206] Resolved module firebase-functions {"declared":true,"installed":true,"version":"3.6.1","resolution":"/home/stephano/Documentos/Programming/React/to_do_app/functions/node_modules/firebase-functions/lib/index.js"} {"metadata":{"emulator":{"name":"functions"},"message":"[runtime-status] [15206] Resolved module firebase-functions {\"declared\":true,\"installed\":true,\"version\":\"3.6.1\",\"resolution\":\"/home/stephano/Documentos/Programming/React/to_do_app/functions/node_modules/firebase-functions/lib/index.js\"}"}}
[debug] [2020-05-26T02:18:24.573Z] [runtime-status] [15206] firebase-admin has been stubbed. {"adminResolution":{"declared":true,"installed":true,"version":"8.12.1","resolution":"/home/stephano/Documentos/Programming/React/to_do_app/functions/node_modules/firebase-admin/lib/index.js"}} {"metadata":{"emulator":{"name":"functions"},"message":"[runtime-status] [15206] firebase-admin has been stubbed. {\"adminResolution\":{\"declared\":true,\"installed\":true,\"version\":\"8.12.1\",\"resolution\":\"/home/stephano/Documentos/Programming/React/to_do_app/functions/node_modules/firebase-admin/lib/index.js\"}}"}}
[debug] [2020-05-26T02:18:30.279Z] [runtime-status] [15206] initializeApp(DEFAULT) {"databaseURL":"https://to-do-app-df9e6.firebaseio.com","storageBucket":"to-do-app-df9e6.appspot.com","projectId":"to-do-app-df9e6"} {"metadata":{"emulator":{"name":"functions"},"message":"[runtime-status] [15206] initializeApp(DEFAULT) {\"databaseURL\":\"https://to-do-app-df9e6.firebaseio.com\",\"storageBucket\":\"to-do-app-df9e6.appspot.com\",\"projectId\":\"to-do-app-df9e6\"}"}}
[warn] ⚠  functions: The Cloud Firestore emulator is not running, so calls to Firestore will affect production. {"metadata":{"emulator":{"name":"functions"},"message":"The Cloud Firestore emulator is not running, so calls to Firestore will affect production."}}
[warn] ⚠  Error: Route.post() requires a callback function but got a [object Undefined]
    at Route.<computed> [as post] (/home/stephano/Documentos/Programming/React/to_do_app/functions/node_modules/express/lib/router/route.js:202:15)
    at Function.app.<computed> [as post] (/home/stephano/Documentos/Programming/React/to_do_app/functions/node_modules/express/lib/application.js:482:19)
    at Object.<anonymous> (/home/stephano/Documentos/Programming/React/to_do_app/functions/index.js:24:5)
    at Module._compile (internal/modules/cjs/loader.js:1176:30)
    at Object.Module._extensions..js (internal/modules/cjs/loader.js:1196:10)
    at Module.load (internal/modules/cjs/loader.js:1040:32)
    at Function.Module._load (internal/modules/cjs/loader.js:929:14)
    at Module.require (internal/modules/cjs/loader.js:1080:19)
    at require (internal/modules/cjs/helpers.js:72:18)
    at /usr/lib/node_modules/firebase-tools/lib/emulator/functionsEmulatorRuntime.js:661:33 {"metadata":{"emulator":{"name":"functions"},"message":"Error: Route.post() requires a callback function but got a [object Undefined]\n    at Route.<computed> [as post] (/home/stephano/Documentos/Programming/React/to_do_app/functions/node_modules/express/lib/router/route.js:202:15)\n    at Function.app.<computed> [as post] (/home/stephano/Documentos/Programming/React/to_do_app/functions/node_modules/express/lib/application.js:482:19)\n    at Object.<anonymous> (/home/stephano/Documentos/Programming/React/to_do_app/functions/index.js:24:5)\n    at Module._compile (internal/modules/cjs/loader.js:1176:30)\n    at Object.Module._extensions..js (internal/modules/cjs/loader.js:1196:10)\n    at Module.load (internal/modules/cjs/loader.js:1040:32)\n    at Function.Module._load (internal/modules/cjs/loader.js:929:14)\n    at Module.require (internal/modules/cjs/loader.js:1080:19)\n    at require (internal/modules/cjs/helpers.js:72:18)\n    at /usr/lib/node_modules/firebase-tools/lib/emulator/functionsEmulatorRuntime.js:661:33"}}
[warn] ⚠  We were unable to load your functions code. (see above) {"metadata":{"emulator":{"name":"functions"}}}
[debug] [2020-05-26T02:18:53.573Z] [worker-~diagnostic~-4738119b-410e-4a44-a440-80357859238f]: exited {"metadata":{"emulator":{"name":"functions"},"message":"[worker-~diagnostic~-4738119b-410e-4a44-a440-80357859238f]: exited"}}
[debug] [2020-05-26T02:18:53.573Z] [worker-~diagnostic~-4738119b-410e-4a44-a440-80357859238f]: FINISHED {"metadata":{"emulator":{"name":"functions"},"message":"[worker-~diagnostic~-4738119b-410e-4a44-a440-80357859238f]: FINISHED"}}
[debug] [2020-05-26T02:20:14.346Z] File /home/stephano/Documentos/Programming/React/to_do_app/functions/package.json changed, reloading triggers {"metadata":{"emulator":{"name":"functions"},"message":"File /home/stephano/Documentos/Programming/React/to_do_app/functions/package.json changed, reloading triggers"}}
[debug] [2020-05-26T02:20:15.348Z] [worker-pool] Cleaned up workers for ~diagnostic~: 1 --> 0 {"metadata":{"emulator":{"name":"functions"},"message":"[worker-pool] Cleaned up workers for ~diagnostic~: 1 --> 0"}}
[debug] [2020-05-26T02:20:15.364Z] [worker-pool] addWorker(~diagnostic~) {"metadata":{"emulator":{"name":"functions"},"message":"[worker-pool] addWorker(~diagnostic~)"}}
[debug] [2020-05-26T02:20:15.365Z] [worker-pool] Adding worker with key ~diagnostic~, total=1 {"metadata":{"emulator":{"name":"functions"},"message":"[worker-pool] Adding worker with key ~diagnostic~, total=1"}}
[debug] [2020-05-26T02:20:15.365Z] [worker-pool] submitWork(triggerId=) {"metadata":{"emulator":{"name":"functions"},"message":"[worker-pool] submitWork(triggerId=)"}}
[debug] [2020-05-26T02:20:15.365Z] [worker-~diagnostic~-0b1d378d-844b-4bf5-b691-dd2f559c3840]: Assigning socketPath: /tmp/fire_emu_15314.sock {"metadata":{"emulator":{"name":"functions"},"message":"[worker-~diagnostic~-0b1d378d-844b-4bf5-b691-dd2f559c3840]: Assigning socketPath: /tmp/fire_emu_15314.sock"}}
[debug] [2020-05-26T02:20:15.365Z] [worker-~diagnostic~-0b1d378d-844b-4bf5-b691-dd2f559c3840]: BUSY {"metadata":{"emulator":{"name":"functions"},"message":"[worker-~diagnostic~-0b1d378d-844b-4bf5-b691-dd2f559c3840]: BUSY"}}
[debug] [2020-05-26T02:20:16.024Z] [runtime-status] [15314] Functions runtime initialized. {"cwd":"/home/stephano/Documentos/Programming/React/to_do_app/functions","node_version":"14.2.0"} {"metadata":{"emulator":{"name":"functions"},"message":"[runtime-status] [15314] Functions runtime initialized. {\"cwd\":\"/home/stephano/Documentos/Programming/React/to_do_app/functions\",\"node_version\":\"14.2.0\"}"}}
[debug] [2020-05-26T02:20:16.028Z] [runtime-status] [15314] Disabled runtime features: undefined {"metadata":{"emulator":{"name":"functions"},"message":"[runtime-status] [15314] Disabled runtime features: undefined"}}
[debug] [2020-05-26T02:20:16.031Z] [runtime-status] [15314] Resolved module firebase-admin {"declared":true,"installed":true,"version":"8.12.1","resolution":"/home/stephano/Documentos/Programming/React/to_do_app/functions/node_modules/firebase-admin/lib/index.js"} {"metadata":{"emulator":{"name":"functions"},"message":"[runtime-status] [15314] Resolved module firebase-admin {\"declared\":true,\"installed\":true,\"version\":\"8.12.1\",\"resolution\":\"/home/stephano/Documentos/Programming/React/to_do_app/functions/node_modules/firebase-admin/lib/index.js\"}"}}
[debug] [2020-05-26T02:20:16.033Z] [runtime-status] [15314] Resolved module firebase-functions {"declared":true,"installed":true,"version":"3.6.1","resolution":"/home/stephano/Documentos/Programming/React/to_do_app/functions/node_modules/firebase-functions/lib/index.js"} {"metadata":{"emulator":{"name":"functions"},"message":"[runtime-status] [15314] Resolved module firebase-functions {\"declared\":true,\"installed\":true,\"version\":\"3.6.1\",\"resolution\":\"/home/stephano/Documentos/Programming/React/to_do_app/functions/node_modules/firebase-functions/lib/index.js\"}"}}
[warn] ⚠  functions: Your GOOGLE_APPLICATION_CREDENTIALS environment variable points to /home/stephano/Documentos/Programming/React/to_do_app/to-do-app-df9e6-firebase-adminsdk-gfqi3-b1d7cc9881.json. Non-emulated services will access production using these credentials. Be careful! {"metadata":{"emulator":{"name":"functions"},"message":"Your GOOGLE_APPLICATION_CREDENTIALS environment variable points to /home/stephano/Documentos/Programming/React/to_do_app/to-do-app-df9e6-firebase-adminsdk-gfqi3-b1d7cc9881.json. Non-emulated services will access production using these credentials. Be careful!"}}
[debug] [2020-05-26T02:20:16.047Z] [runtime-status] [15314] Outgoing network have been stubbed. [{"name":"http","status":"mocked"},{"name":"http","status":"mocked"},{"name":"https","status":"mocked"},{"name":"https","status":"mocked"},{"name":"net","status":"mocked"}] {"metadata":{"emulator":{"name":"functions"},"message":"[runtime-status] [15314] Outgoing network have been stubbed. [{\"name\":\"http\",\"status\":\"mocked\"},{\"name\":\"http\",\"status\":\"mocked\"},{\"name\":\"https\",\"status\":\"mocked\"},{\"name\":\"https\",\"status\":\"mocked\"},{\"name\":\"net\",\"status\":\"mocked\"}]"}}
[debug] [2020-05-26T02:20:16.178Z] [runtime-status] [15314] Checked functions.config() {"config":{}} {"metadata":{"emulator":{"name":"functions"},"message":"[runtime-status] [15314] Checked functions.config() {\"config\":{}}"}}
[debug] [2020-05-26T02:20:16.179Z] [runtime-status] [15314] Resolved module firebase-functions {"declared":true,"installed":true,"version":"3.6.1","resolution":"/home/stephano/Documentos/Programming/React/to_do_app/functions/node_modules/firebase-functions/lib/index.js"} {"metadata":{"emulator":{"name":"functions"},"message":"[runtime-status] [15314] Resolved module firebase-functions {\"declared\":true,\"installed\":true,\"version\":\"3.6.1\",\"resolution\":\"/home/stephano/Documentos/Programming/React/to_do_app/functions/node_modules/firebase-functions/lib/index.js\"}"}}
[debug] [2020-05-26T02:20:16.181Z] [runtime-status] [15314] Resolved module firebase-admin {"declared":true,"installed":true,"version":"8.12.1","resolution":"/home/stephano/Documentos/Programming/React/to_do_app/functions/node_modules/firebase-admin/lib/index.js"} {"metadata":{"emulator":{"name":"functions"},"message":"[runtime-status] [15314] Resolved module firebase-admin {\"declared\":true,\"installed\":true,\"version\":\"8.12.1\",\"resolution\":\"/home/stephano/Documentos/Programming/React/to_do_app/functions/node_modules/firebase-admin/lib/index.js\"}"}}
[debug] [2020-05-26T02:20:16.182Z] [runtime-status] [15314] Resolved module firebase-functions {"declared":true,"installed":true,"version":"3.6.1","resolution":"/home/stephano/Documentos/Programming/React/to_do_app/functions/node_modules/firebase-functions/lib/index.js"} {"metadata":{"emulator":{"name":"functions"},"message":"[runtime-status] [15314] Resolved module firebase-functions {\"declared\":true,\"installed\":true,\"version\":\"3.6.1\",\"resolution\":\"/home/stephano/Documentos/Programming/React/to_do_app/functions/node_modules/firebase-functions/lib/index.js\"}"}}
[debug] [2020-05-26T02:20:16.183Z] [runtime-status] [15314] firebase-admin has been stubbed. {"adminResolution":{"declared":true,"installed":true,"version":"8.12.1","resolution":"/home/stephano/Documentos/Programming/React/to_do_app/functions/node_modules/firebase-admin/lib/index.js"}} {"metadata":{"emulator":{"name":"functions"},"message":"[runtime-status] [15314] firebase-admin has been stubbed. {\"adminResolution\":{\"declared\":true,\"installed\":true,\"version\":\"8.12.1\",\"resolution\":\"/home/stephano/Documentos/Programming/React/to_do_app/functions/node_modules/firebase-admin/lib/index.js\"}}"}}
[debug] [2020-05-26T02:20:17.009Z] [runtime-status] [15314] initializeApp(DEFAULT) {"databaseURL":"https://to-do-app-df9e6.firebaseio.com","storageBucket":"to-do-app-df9e6.appspot.com","projectId":"to-do-app-df9e6"} {"metadata":{"emulator":{"name":"functions"},"message":"[runtime-status] [15314] initializeApp(DEFAULT) {\"databaseURL\":\"https://to-do-app-df9e6.firebaseio.com\",\"storageBucket\":\"to-do-app-df9e6.appspot.com\",\"projectId\":\"to-do-app-df9e6\"}"}}
[warn] ⚠  functions: The Cloud Firestore emulator is not running, so calls to Firestore will affect production. {"metadata":{"emulator":{"name":"functions"},"message":"The Cloud Firestore emulator is not running, so calls to Firestore will affect production."}}
[warn] ⚠  Error: Route.post() requires a callback function but got a [object Undefined]
    at Route.<computed> [as post] (/home/stephano/Documentos/Programming/React/to_do_app/functions/node_modules/express/lib/router/route.js:202:15)
    at Function.app.<computed> [as post] (/home/stephano/Documentos/Programming/React/to_do_app/functions/node_modules/express/lib/application.js:482:19)
    at Object.<anonymous> (/home/stephano/Documentos/Programming/React/to_do_app/functions/index.js:24:5)
    at Module._compile (internal/modules/cjs/loader.js:1176:30)
    at Object.Module._extensions..js (internal/modules/cjs/loader.js:1196:10)
    at Module.load (internal/modules/cjs/loader.js:1040:32)
    at Function.Module._load (internal/modules/cjs/loader.js:929:14)
    at Module.require (internal/modules/cjs/loader.js:1080:19)
    at require (internal/modules/cjs/helpers.js:72:18)
    at /usr/lib/node_modules/firebase-tools/lib/emulator/functionsEmulatorRuntime.js:661:33 {"metadata":{"emulator":{"name":"functions"},"message":"Error: Route.post() requires a callback function but got a [object Undefined]\n    at Route.<computed> [as post] (/home/stephano/Documentos/Programming/React/to_do_app/functions/node_modules/express/lib/router/route.js:202:15)\n    at Function.app.<computed> [as post] (/home/stephano/Documentos/Programming/React/to_do_app/functions/node_modules/express/lib/application.js:482:19)\n    at Object.<anonymous> (/home/stephano/Documentos/Programming/React/to_do_app/functions/index.js:24:5)\n    at Module._compile (internal/modules/cjs/loader.js:1176:30)\n    at Object.Module._extensions..js (internal/modules/cjs/loader.js:1196:10)\n    at Module.load (internal/modules/cjs/loader.js:1040:32)\n    at Function.Module._load (internal/modules/cjs/loader.js:929:14)\n    at Module.require (internal/modules/cjs/loader.js:1080:19)\n    at require (internal/modules/cjs/helpers.js:72:18)\n    at /usr/lib/node_modules/firebase-tools/lib/emulator/functionsEmulatorRuntime.js:661:33"}}
[warn] ⚠  We were unable to load your functions code. (see above) {"metadata":{"emulator":{"name":"functions"}}}
[debug] [2020-05-26T02:20:17.780Z] [worker-~diagnostic~-0b1d378d-844b-4bf5-b691-dd2f559c3840]: exited {"metadata":{"emulator":{"name":"functions"},"message":"[worker-~diagnostic~-0b1d378d-844b-4bf5-b691-dd2f559c3840]: exited"}}
[debug] [2020-05-26T02:20:17.780Z] [worker-~diagnostic~-0b1d378d-844b-4bf5-b691-dd2f559c3840]: FINISHED {"metadata":{"emulator":{"name":"functions"},"message":"[worker-~diagnostic~-0b1d378d-844b-4bf5-b691-dd2f559c3840]: FINISHED"}}
[debug] [2020-05-26T02:21:18.977Z] ----------------------------------------------------------------------
[debug] [2020-05-26T02:21:18.981Z] Command:       /usr/bin/node /usr/bin/firebase serve
[debug] [2020-05-26T02:21:18.981Z] CLI Version:   8.4.0
[debug] [2020-05-26T02:21:18.982Z] Platform:      linux
[debug] [2020-05-26T02:21:18.982Z] Node Version:  v14.2.0
[debug] [2020-05-26T02:21:19.001Z] Time:          Mon May 25 2020 22:21:18 GMT-0400 (hora de Venezuela)
[debug] [2020-05-26T02:21:19.001Z] ----------------------------------------------------------------------
[debug] [2020-05-26T02:21:19.001Z] 
[debug] [2020-05-26T02:21:19.058Z] > command requires scopes: ["email","openid","https://www.googleapis.com/auth/cloudplatformprojects.readonly","https://www.googleapis.com/auth/firebase","https://www.googleapis.com/auth/cloud-platform"]
[debug] [2020-05-26T02:21:19.059Z] > authorizing via signed-in user
[debug] [2020-05-26T02:21:19.059Z] [iam] checking project to-do-app-df9e6 for permissions ["firebase.projects.get"]
[debug] [2020-05-26T02:21:19.063Z] >>> HTTP REQUEST POST https://cloudresourcemanager.googleapis.com/v1/projects/to-do-app-df9e6:testIamPermissions  
 {"permissions":["firebase.projects.get"]}
[debug] [2020-05-26T02:21:25.055Z] <<< HTTP RESPONSE 200 {"content-type":"application/json; charset=UTF-8","vary":"X-Origin, Referer, Origin,Accept-Encoding","date":"Tue, 26 May 2020 02:21:17 GMT","server":"ESF","cache-control":"private","x-xss-protection":"0","x-frame-options":"SAMEORIGIN","x-content-type-options":"nosniff","server-timing":"gfet4t7; dur=128","alt-svc":"h3-27=\":443\"; ma=2592000,h3-25=\":443\"; ma=2592000,h3-T050=\":443\"; ma=2592000,h3-Q050=\":443\"; ma=2592000,h3-Q049=\":443\"; ma=2592000,h3-Q048=\":443\"; ma=2592000,h3-Q046=\":443\"; ma=2592000,h3-Q043=\":443\"; ma=2592000,quic=\":443\"; ma=2592000; v=\"46,43\"","accept-ranges":"none","transfer-encoding":"chunked"}
[debug] [2020-05-26T02:21:25.058Z] >>> HTTP REQUEST GET https://firebase.googleapis.com/v1beta1/projects/to-do-app-df9e6  
 
[debug] [2020-05-26T02:21:36.201Z] <<< HTTP RESPONSE 200 {"content-type":"application/json; charset=UTF-8","vary":"X-Origin, Referer, Origin,Accept-Encoding","date":"Tue, 26 May 2020 02:21:28 GMT","server":"ESF","cache-control":"private","x-xss-protection":"0","x-frame-options":"SAMEORIGIN","x-content-type-options":"nosniff","alt-svc":"h3-27=\":443\"; ma=2592000,h3-25=\":443\"; ma=2592000,h3-T050=\":443\"; ma=2592000,h3-Q050=\":443\"; ma=2592000,h3-Q049=\":443\"; ma=2592000,h3-Q048=\":443\"; ma=2592000,h3-Q046=\":443\"; ma=2592000,h3-Q043=\":443\"; ma=2592000,quic=\":443\"; ma=2592000; v=\"46,43\"","accept-ranges":"none","transfer-encoding":"chunked"}
[info] 
[info] === Serving from '/home/stephano/Documentos/Programming/React/to_do_app'...
[info] 
[warn] ⚠  Your requested "node" version "8" doesn't match your global version "14" {"metadata":{"emulator":{"name":"functions"},"message":"Your requested \"node\" version \"8\" doesn't match your global version \"14\""}}
[info] i  functions: Watching "/home/stephano/Documentos/Programming/React/to_do_app/functions" for Cloud Functions... {"metadata":{"emulator":{"name":"functions"},"message":"Watching \"/home/stephano/Documentos/Programming/React/to_do_app/functions\" for Cloud Functions..."}}
[debug] [2020-05-26T02:21:36.312Z] [worker-pool] addWorker(~diagnostic~) {"metadata":{"emulator":{"name":"functions"},"message":"[worker-pool] addWorker(~diagnostic~)"}}
[debug] [2020-05-26T02:21:36.313Z] [worker-pool] Adding worker with key ~diagnostic~, total=1 {"metadata":{"emulator":{"name":"functions"},"message":"[worker-pool] Adding worker with key ~diagnostic~, total=1"}}
[debug] [2020-05-26T02:21:36.313Z] [worker-pool] submitWork(triggerId=) {"metadata":{"emulator":{"name":"functions"},"message":"[worker-pool] submitWork(triggerId=)"}}
[debug] [2020-05-26T02:21:36.314Z] [worker-~diagnostic~-ab4fce88-c3d2-4e0d-9661-cc3657ad8b41]: Assigning socketPath: /tmp/fire_emu_15445.sock {"metadata":{"emulator":{"name":"functions"},"message":"[worker-~diagnostic~-ab4fce88-c3d2-4e0d-9661-cc3657ad8b41]: Assigning socketPath: /tmp/fire_emu_15445.sock"}}
[debug] [2020-05-26T02:21:36.315Z] [worker-~diagnostic~-ab4fce88-c3d2-4e0d-9661-cc3657ad8b41]: BUSY {"metadata":{"emulator":{"name":"functions"},"message":"[worker-~diagnostic~-ab4fce88-c3d2-4e0d-9661-cc3657ad8b41]: BUSY"}}
[debug] [2020-05-26T02:21:36.797Z] [runtime-status] [15445] Functions runtime initialized. {"cwd":"/home/stephano/Documentos/Programming/React/to_do_app/functions","node_version":"14.2.0"} {"metadata":{"emulator":{"name":"functions"},"message":"[runtime-status] [15445] Functions runtime initialized. {\"cwd\":\"/home/stephano/Documentos/Programming/React/to_do_app/functions\",\"node_version\":\"14.2.0\"}"}}
[debug] [2020-05-26T02:21:36.799Z] [runtime-status] [15445] Disabled runtime features: undefined {"metadata":{"emulator":{"name":"functions"},"message":"[runtime-status] [15445] Disabled runtime features: undefined"}}
[debug] [2020-05-26T02:21:36.803Z] [runtime-status] [15445] Resolved module firebase-admin {"declared":true,"installed":true,"version":"8.12.1","resolution":"/home/stephano/Documentos/Programming/React/to_do_app/functions/node_modules/firebase-admin/lib/index.js"} {"metadata":{"emulator":{"name":"functions"},"message":"[runtime-status] [15445] Resolved module firebase-admin {\"declared\":true,\"installed\":true,\"version\":\"8.12.1\",\"resolution\":\"/home/stephano/Documentos/Programming/React/to_do_app/functions/node_modules/firebase-admin/lib/index.js\"}"}}
[debug] [2020-05-26T02:21:36.806Z] [runtime-status] [15445] Resolved module firebase-functions {"declared":true,"installed":true,"version":"3.6.1","resolution":"/home/stephano/Documentos/Programming/React/to_do_app/functions/node_modules/firebase-functions/lib/index.js"} {"metadata":{"emulator":{"name":"functions"},"message":"[runtime-status] [15445] Resolved module firebase-functions {\"declared\":true,\"installed\":true,\"version\":\"3.6.1\",\"resolution\":\"/home/stephano/Documentos/Programming/React/to_do_app/functions/node_modules/firebase-functions/lib/index.js\"}"}}
[warn] ⚠  functions: Your GOOGLE_APPLICATION_CREDENTIALS environment variable points to /home/stephano/Documentos/Programming/React/to_do_app/to-do-app-df9e6-firebase-adminsdk-gfqi3-b1d7cc9881.json. Non-emulated services will access production using these credentials. Be careful! {"metadata":{"emulator":{"name":"functions"},"message":"Your GOOGLE_APPLICATION_CREDENTIALS environment variable points to /home/stephano/Documentos/Programming/React/to_do_app/to-do-app-df9e6-firebase-adminsdk-gfqi3-b1d7cc9881.json. Non-emulated services will access production using these credentials. Be careful!"}}
[debug] [2020-05-26T02:21:36.812Z] [runtime-status] [15445] Outgoing network have been stubbed. [{"name":"http","status":"mocked"},{"name":"http","status":"mocked"},{"name":"https","status":"mocked"},{"name":"https","status":"mocked"},{"name":"net","status":"mocked"}] {"metadata":{"emulator":{"name":"functions"},"message":"[runtime-status] [15445] Outgoing network have been stubbed. [{\"name\":\"http\",\"status\":\"mocked\"},{\"name\":\"http\",\"status\":\"mocked\"},{\"name\":\"https\",\"status\":\"mocked\"},{\"name\":\"https\",\"status\":\"mocked\"},{\"name\":\"net\",\"status\":\"mocked\"}]"}}
[debug] [2020-05-26T02:21:36.878Z] [runtime-status] [15445] Checked functions.config() {"config":{}} {"metadata":{"emulator":{"name":"functions"},"message":"[runtime-status] [15445] Checked functions.config() {\"config\":{}}"}}
[debug] [2020-05-26T02:21:36.883Z] [runtime-status] [15445] Resolved module firebase-functions {"declared":true,"installed":true,"version":"3.6.1","resolution":"/home/stephano/Documentos/Programming/React/to_do_app/functions/node_modules/firebase-functions/lib/index.js"} {"metadata":{"emulator":{"name":"functions"},"message":"[runtime-status] [15445] Resolved module firebase-functions {\"declared\":true,\"installed\":true,\"version\":\"3.6.1\",\"resolution\":\"/home/stephano/Documentos/Programming/React/to_do_app/functions/node_modules/firebase-functions/lib/index.js\"}"}}
[debug] [2020-05-26T02:21:36.888Z] [runtime-status] [15445] Resolved module firebase-admin {"declared":true,"installed":true,"version":"8.12.1","resolution":"/home/stephano/Documentos/Programming/React/to_do_app/functions/node_modules/firebase-admin/lib/index.js"} {"metadata":{"emulator":{"name":"functions"},"message":"[runtime-status] [15445] Resolved module firebase-admin {\"declared\":true,\"installed\":true,\"version\":\"8.12.1\",\"resolution\":\"/home/stephano/Documentos/Programming/React/to_do_app/functions/node_modules/firebase-admin/lib/index.js\"}"}}
[debug] [2020-05-26T02:21:36.891Z] [runtime-status] [15445] Resolved module firebase-functions {"declared":true,"installed":true,"version":"3.6.1","resolution":"/home/stephano/Documentos/Programming/React/to_do_app/functions/node_modules/firebase-functions/lib/index.js"} {"metadata":{"emulator":{"name":"functions"},"message":"[runtime-status] [15445] Resolved module firebase-functions {\"declared\":true,\"installed\":true,\"version\":\"3.6.1\",\"resolution\":\"/home/stephano/Documentos/Programming/React/to_do_app/functions/node_modules/firebase-functions/lib/index.js\"}"}}
[debug] [2020-05-26T02:21:36.892Z] [runtime-status] [15445] firebase-admin has been stubbed. {"adminResolution":{"declared":true,"installed":true,"version":"8.12.1","resolution":"/home/stephano/Documentos/Programming/React/to_do_app/functions/node_modules/firebase-admin/lib/index.js"}} {"metadata":{"emulator":{"name":"functions"},"message":"[runtime-status] [15445] firebase-admin has been stubbed. {\"adminResolution\":{\"declared\":true,\"installed\":true,\"version\":\"8.12.1\",\"resolution\":\"/home/stephano/Documentos/Programming/React/to_do_app/functions/node_modules/firebase-admin/lib/index.js\"}}"}}
[debug] [2020-05-26T02:21:37.055Z] [runtime-status] [15445] initializeApp(DEFAULT) {"databaseURL":"https://to-do-app-df9e6.firebaseio.com","storageBucket":"to-do-app-df9e6.appspot.com","projectId":"to-do-app-df9e6"} {"metadata":{"emulator":{"name":"functions"},"message":"[runtime-status] [15445] initializeApp(DEFAULT) {\"databaseURL\":\"https://to-do-app-df9e6.firebaseio.com\",\"storageBucket\":\"to-do-app-df9e6.appspot.com\",\"projectId\":\"to-do-app-df9e6\"}"}}
[warn] ⚠  functions: The Cloud Firestore emulator is not running, so calls to Firestore will affect production. {"metadata":{"emulator":{"name":"functions"},"message":"The Cloud Firestore emulator is not running, so calls to Firestore will affect production."}}
[warn] ⚠  Error: Route.post() requires a callback function but got a [object Undefined]
    at Route.<computed> [as post] (/home/stephano/Documentos/Programming/React/to_do_app/functions/node_modules/express/lib/router/route.js:202:15)
    at Function.app.<computed> [as post] (/home/stephano/Documentos/Programming/React/to_do_app/functions/node_modules/express/lib/application.js:482:19)
    at Object.<anonymous> (/home/stephano/Documentos/Programming/React/to_do_app/functions/index.js:24:5)
    at Module._compile (internal/modules/cjs/loader.js:1176:30)
    at Object.Module._extensions..js (internal/modules/cjs/loader.js:1196:10)
    at Module.load (internal/modules/cjs/loader.js:1040:32)
    at Function.Module._load (internal/modules/cjs/loader.js:929:14)
    at Module.require (internal/modules/cjs/loader.js:1080:19)
    at require (internal/modules/cjs/helpers.js:72:18)
    at /usr/lib/node_modules/firebase-tools/lib/emulator/functionsEmulatorRuntime.js:661:33 {"metadata":{"emulator":{"name":"functions"},"message":"Error: Route.post() requires a callback function but got a [object Undefined]\n    at Route.<computed> [as post] (/home/stephano/Documentos/Programming/React/to_do_app/functions/node_modules/express/lib/router/route.js:202:15)\n    at Function.app.<computed> [as post] (/home/stephano/Documentos/Programming/React/to_do_app/functions/node_modules/express/lib/application.js:482:19)\n    at Object.<anonymous> (/home/stephano/Documentos/Programming/React/to_do_app/functions/index.js:24:5)\n    at Module._compile (internal/modules/cjs/loader.js:1176:30)\n    at Object.Module._extensions..js (internal/modules/cjs/loader.js:1196:10)\n    at Module.load (internal/modules/cjs/loader.js:1040:32)\n    at Function.Module._load (internal/modules/cjs/loader.js:929:14)\n    at Module.require (internal/modules/cjs/loader.js:1080:19)\n    at require (internal/modules/cjs/helpers.js:72:18)\n    at /usr/lib/node_modules/firebase-tools/lib/emulator/functionsEmulatorRuntime.js:661:33"}}
[warn] ⚠  We were unable to load your functions code. (see above) {"metadata":{"emulator":{"name":"functions"}}}
[debug] [2020-05-26T02:21:37.707Z] [worker-~diagnostic~-ab4fce88-c3d2-4e0d-9661-cc3657ad8b41]: exited {"metadata":{"emulator":{"name":"functions"},"message":"[worker-~diagnostic~-ab4fce88-c3d2-4e0d-9661-cc3657ad8b41]: exited"}}
[debug] [2020-05-26T02:21:37.710Z] [worker-~diagnostic~-ab4fce88-c3d2-4e0d-9661-cc3657ad8b41]: FINISHED {"metadata":{"emulator":{"name":"functions"},"message":"[worker-~diagnostic~-ab4fce88-c3d2-4e0d-9661-cc3657ad8b41]: FINISHED"}}
